<?xml version="1.0" encoding="UTF-8" standalone="no"?>
<testsuite errors="0" failures="1" name="io.cucumber.core.plugin.JUnitFormatter" skipped="0" tests="1" time="24.14">
    <testcase classname="Visibility testing of Login/Logout activities" name="Test for listing activities in Login/Logout Activity list with User, Login AT, Logout AT, IP, Agent, Description headers" time="23.658">
        <failure message="" type="java.lang.AssertionError">
            <![CDATA[Given Open browser go to url "adminUrl".....................................passed
Then Admin enters an "adminBoraMail", a "password" and then clicks sign in link on admin page to login.passed
Then Admin clicks All Activity Logs and Activity Logs links in Dashboard....passed
Then Admin verifies that the activities in the Login-Logout Activity list are the titles for which they are listed.failed
And Closes the page.........................................................skipped

StackTrace:
java.lang.AssertionError
	at org.junit.Assert.fail(Assert.java:87)
	at org.junit.Assert.assertTrue(Assert.java:42)
	at org.junit.Assert.assertTrue(Assert.java:53)
	at stepdefinitions.TrendLifeBuyStepDefinitions.adminVerifiesThatTheActivitiesInTheLoginLogoutActivityListAreTheTitlesForWhichTheyAreListed(TrendLifeBuyStepDefinitions.java:387)
	at âœ½.Admin verifies that the activities in the Login-Logout Activity list are the titles for which they are listed(file:///C:/Users/Nuray/IdeaProjects/cc2test/src/test/resources/features/US52ADmin.feature:28)
]]>
        </failure>
    </testcase>
</testsuite>
